<?xml version="1.0" encoding="UTF-8"?>
<!-- Generated by org.testng.reporters.JUnitXMLReporter -->
<testsuite ignored="2" hostname="DESKTOP-5QHRS1G" failures="0" tests="1" name="A" time="0.031" errors="0" timestamp="2021-02-21T02:43:34 MSK">
  <testcase classname="test.A" name="method1" time="0.03"/>
  <testcase classname="test.A" name="method2" time="0.0">
    <ignored/>
  </testcase> <!-- method2 -->
  <testcase classname="test.A" name="method3" time="0.0">
    <ignored/>
  </testcase> <!-- method3 -->
</testsuite> <!-- A -->
