<?xml version="1.0" encoding="UTF-8"?>
<testng-results ignored="5" total="8" passed="3" failed="0" skipped="0">
  <reporter-output>
  </reporter-output>
  <suite started-at="2021-02-21T02:43:34 MSK" name="TestSuiteC" finished-at="2021-02-21T02:43:34 MSK" duration-ms="2">
    <groups>
    </groups>
    <test started-at="2021-02-21T02:43:34 MSK" name="C" finished-at="2021-02-21T02:43:34 MSK" duration-ms="2">
      <class name="test.C">
        <test-method signature="method2(java.lang.String, java.lang.String)[pri:0, instance:test.C@78dd667e]" started-at="2021-02-21T02:43:34 MSK" name="method2" finished-at="2021-02-21T02:43:34 MSK" duration-ms="1" status="PASS">
          <params>
            <param index="0">
              <value>
                <![CDATA[p1]]>
              </value>
            </param>
            <param index="1">
              <value>
                <![CDATA[p2]]>
              </value>
            </param>
          </params>
          <reporter-output>
          </reporter-output>
        </test-method> <!-- method2 -->
      </class> <!-- test.C -->
    </test> <!-- C -->
  </suite> <!-- TestSuiteC -->
  <suite started-at="2021-02-21T02:43:34 MSK" name="TestSuiteA (0)" finished-at="2021-02-21T02:43:34 MSK" duration-ms="31">
    <groups>
    </groups>
    <test started-at="2021-02-21T02:43:34 MSK" name="A" finished-at="2021-02-21T02:43:34 MSK" duration-ms="31">
      <class name="test.A">
        <test-method signature="method1(java.lang.String)[pri:0, instance:test.A@5e4c8041]" started-at="2021-02-21T02:43:34 MSK" name="method1" finished-at="2021-02-21T02:43:34 MSK" duration-ms="30" status="PASS">
          <params>
            <param index="0">
              <value>
                <![CDATA[p1]]>
              </value>
            </param>
          </params>
          <reporter-output>
          </reporter-output>
        </test-method> <!-- method1 -->
      </class> <!-- test.A -->
    </test> <!-- A -->
  </suite> <!-- TestSuiteA (0) -->
  <suite started-at="2021-02-21T02:43:34 MSK" name="TestSuiteA" finished-at="2021-02-21T02:43:34 MSK" duration-ms="97">
    <groups>
    </groups>
    <test started-at="2021-02-21T02:43:34 MSK" name="A" finished-at="2021-02-21T02:43:34 MSK" duration-ms="97">
      <class name="test.A">
        <test-method signature="method3(java.lang.String, java.lang.String)[pri:0, instance:test.A@e50a6f6]" started-at="2021-02-21T02:43:34 MSK" name="method3" finished-at="2021-02-21T02:43:34 MSK" duration-ms="43" status="PASS">
          <params>
            <param index="0">
              <value>
                <![CDATA[p1]]>
              </value>
            </param>
            <param index="1">
              <value>
                <![CDATA[p2]]>
              </value>
            </param>
          </params>
          <reporter-output>
          </reporter-output>
        </test-method> <!-- method3 -->
      </class> <!-- test.A -->
    </test> <!-- A -->
  </suite> <!-- TestSuiteA -->
</testng-results>
