<?xml version="1.0" encoding="UTF-8"?>
<testng-results ignored="0" total="6" passed="6" failed="0" skipped="0">
  <reporter-output>
  </reporter-output>
  <suite started-at="2021-02-19T21:46:29 MSK" name="TestSuiteC" finished-at="2021-02-19T21:46:29 MSK" duration-ms="3">
    <groups>
    </groups>
    <test started-at="2021-02-19T21:46:29 MSK" name="TestC" finished-at="2021-02-19T21:46:29 MSK" duration-ms="3">
      <class name="test.TestC">
        <test-method signature="method1()[pri:0, instance:test.TestC@3b2cf7ab]" started-at="2021-02-19T21:46:29 MSK" name="method1" finished-at="2021-02-19T21:46:29 MSK" duration-ms="0" status="PASS">
          <reporter-output>
          </reporter-output>
        </test-method> <!-- method1 -->
        <test-method signature="method2()[pri:0, instance:test.TestC@3b2cf7ab]" started-at="2021-02-19T21:46:29 MSK" name="method2" finished-at="2021-02-19T21:46:29 MSK" duration-ms="1" status="PASS">
          <reporter-output>
          </reporter-output>
        </test-method> <!-- method2 -->
      </class> <!-- test.TestC -->
    </test> <!-- TestC -->
  </suite> <!-- TestSuiteC -->
  <suite started-at="2021-02-19T21:46:29 MSK" name="TestSuiteB" finished-at="2021-02-19T21:46:29 MSK" duration-ms="2">
    <groups>
    </groups>
    <test started-at="2021-02-19T21:46:29 MSK" name="TestB" finished-at="2021-02-19T21:46:29 MSK" duration-ms="2">
      <class name="test.TestB">
        <test-method signature="method2()[pri:0, instance:test.TestB@6646153]" started-at="2021-02-19T21:46:29 MSK" name="method2" finished-at="2021-02-19T21:46:29 MSK" duration-ms="0" status="PASS">
          <reporter-output>
          </reporter-output>
        </test-method> <!-- method2 -->
        <test-method signature="method1()[pri:0, instance:test.TestB@6646153]" started-at="2021-02-19T21:46:29 MSK" name="method1" finished-at="2021-02-19T21:46:29 MSK" duration-ms="0" status="PASS">
          <reporter-output>
          </reporter-output>
        </test-method> <!-- method1 -->
      </class> <!-- test.TestB -->
    </test> <!-- TestB -->
  </suite> <!-- TestSuiteB -->
  <suite started-at="2021-02-19T21:46:29 MSK" name="TestSuiteA" finished-at="2021-02-19T21:46:29 MSK" duration-ms="72">
    <groups>
    </groups>
    <test started-at="2021-02-19T21:46:29 MSK" name="TestA" finished-at="2021-02-19T21:46:29 MSK" duration-ms="72">
      <class name="test.TestA">
        <test-method signature="method1()[pri:0, instance:test.TestA@1f1c7bf6]" started-at="2021-02-19T21:46:29 MSK" name="method1" finished-at="2021-02-19T21:46:29 MSK" duration-ms="7" status="PASS">
          <reporter-output>
          </reporter-output>
        </test-method> <!-- method1 -->
        <test-method signature="method2()[pri:0, instance:test.TestA@1f1c7bf6]" started-at="2021-02-19T21:46:29 MSK" name="method2" finished-at="2021-02-19T21:46:29 MSK" duration-ms="0" status="PASS">
          <reporter-output>
          </reporter-output>
        </test-method> <!-- method2 -->
      </class> <!-- test.TestA -->
    </test> <!-- TestA -->
  </suite> <!-- TestSuiteA -->
</testng-results>
